<?xml version="1.0" encoding="UTF-8"?>
<!-- Generated by org.testng.reporters.JUnitXMLReporter -->
<testsuite hostname="Anjans-MacBook-Pro.local" ignored="0" name="Default test" tests="4" failures="0" timestamp="09 Mar 2018 09:27:10 GMT" time="6.486" errors="0">
  <testcase name="Extracting_Actual_Results_form_API" time="5.33" classname="APITesting.com.org.api.WeatherAPIGetRequest"/>
  <testcase name="How_to_handle_GET_request" time="0.384" classname="APITesting.com.org.api.WeatherAPIGetRequest"/>
  <testcase name="Using_parameters_and_Authorization" time="0.402" classname="APITesting.com.org.api.WeatherAPIGetRequest"/>
  <testcase name="find_City_By_ID" time="0.319" classname="APITesting.com.org.api.WeatherAPIGetRequest"/>
</testsuite> <!-- Default test -->
