<?xml version="1.0" encoding="UTF-8"?>
<!-- Generated by org.testng.reporters.JUnitXMLReporter -->
<testsuite hostname="Anjans-MacBook-Pro.local" ignored="0" name="testngTest" tests="4" failures="0" timestamp="12 Mar 2018 07:05:24 GMT" time="5.693" errors="0">
  <testcase name="Using_parameters_and_Authorization" time="4.049" classname="APITesting.com.org.api.WeatherAPIGetRequest"/>
  <testcase name="find_City_By_ID" time="4.058" classname="APITesting.com.org.api.WeatherAPIGetRequest"/>
  <testcase name="How_to_handle_GET_request" time="4.064" classname="APITesting.com.org.api.WeatherAPIGetRequest"/>
  <testcase name="Extracting_Actual_Results_form_API" time="5.592" classname="APITesting.com.org.api.WeatherAPIGetRequest"/>
</testsuite> <!-- testngTest -->
